Build started 6/2/2016 5:46:17 PM.
     1>Project "c:\Users\multiproc\documents\visual studio 2010\Projects\SimpleThreads_jj2016\SimpleThreads_jj2016\SimpleThreads_jj2016.vcxproj" on node 2 (build target(s)).
     1>InitializeBuildStatus:
         Creating "Debug\SimpleThreads_jj2016.unsuccessfulbuild" because "AlwaysCreate" was specified.
       ClCompile:
         C:\Program Files (x86)\Microsoft Visual Studio 10.0\VC\bin\CL.exe /c /ZI /nologo /W3 /WX- /Od /Oy- /D WIN32 /D _DEBUG /D _CONSOLE /D _UNICODE /D UNICODE /Gm /EHsc /RTC1 /MDd /GS /fp:precise /Zc:wchar_t /Zc:forScope /Fo"Debug\\" /Fd"Debug\vc100.pdb" /Gd /TC /analyze- /errorReport:prompt myCode.c
         myCode.c
     1>c:\users\multiproc\documents\visual studio 2010\projects\simplethreads_jj2016\simplethreads_jj2016\mycode.c(21): warning C4716: 'myThreadRoutine' : must return a value
       Link:
         C:\Program Files (x86)\Microsoft Visual Studio 10.0\VC\bin\link.exe /ERRORREPORT:PROMPT /OUT:"c:\users\multiproc\documents\visual studio 2010\Projects\SimpleThreads_jj2016\Debug\SimpleThreads_jj2016.exe" /INCREMENTAL:NO /NOLOGO kernel32.lib user32.lib gdi32.lib winspool.lib comdlg32.lib advapi32.lib shell32.lib ole32.lib oleaut32.lib uuid.lib odbc32.lib odbccp32.lib /MANIFEST /ManifestFile:"Debug\SimpleThreads_jj2016.exe.intermediate.manifest" /MANIFESTUAC:"level='asInvoker' uiAccess='false'" /DEBUG /PDB:"c:\users\multiproc\documents\visual studio 2010\Projects\SimpleThreads_jj2016\Debug\SimpleThreads_jj2016.pdb" /SUBSYSTEM:CONSOLE /TLBID:1 /DYNAMICBASE /NXCOMPAT /IMPLIB:"c:\users\multiproc\documents\visual studio 2010\Projects\SimpleThreads_jj2016\Debug\SimpleThreads_jj2016.lib" /MACHINE:X86 Debug\myCode.obj
     1>myCode.obj : warning LNK4075: ignoring '/EDITANDCONTINUE' due to '/INCREMENTAL:NO' specification
         SimpleThreads_jj2016.vcxproj -> c:\users\multiproc\documents\visual studio 2010\Projects\SimpleThreads_jj2016\Debug\SimpleThreads_jj2016.exe
       Manifest:
         C:\Program Files (x86)\Microsoft SDKs\Windows\v7.0A\bin\mt.exe /nologo /verbose /outputresource:"c:\users\multiproc\documents\visual studio 2010\Projects\SimpleThreads_jj2016\Debug\SimpleThreads_jj2016.exe;#1" /manifest Debug\SimpleThreads_jj2016.exe.intermediate.manifest
       FinalizeBuildStatus:
         Deleting file "Debug\SimpleThreads_jj2016.unsuccessfulbuild".
         Touching "Debug\SimpleThreads_jj2016.lastbuildstate".
     1>Done Building Project "c:\Users\multiproc\documents\visual studio 2010\Projects\SimpleThreads_jj2016\SimpleThreads_jj2016\SimpleThreads_jj2016.vcxproj" (build target(s)).

Build succeeded.

Time Elapsed 00:00:00.71
